<?xml version="1.0" encoding="UTF-8"?>
<!-- Generated by org.testng.reporters.JUnitXMLReporter -->
<testsuite ignored="42" hostname="IN-PG02H7VY" failures="2" tests="22" name="Test" time="82.318" errors="0" timestamp="2023-01-09T16:59:19 IST">
  <testcase classname="com.flipkart.testcases.loginPageTest" name="loginfunction" time="0.29"/>
  <testcase classname="com.flipkart.testcases.productSearchTest" name="productSearch" time="1.089">
    <failure type="java.lang.AssertionError" message="expected [] but found [realme 9 Pro 5G (Sunrise Blue, 128 GB)]">
      <![CDATA[java.lang.AssertionError: expected [] but found [realme 9 Pro 5G (Sunrise Blue, 128 GB)]
at com.flipkart.testcases.productSearchTest.productSearch(productSearchTest.java:35)
at java.base/java.util.ArrayList.forEach(ArrayList.java:1540)
... Removed 33 stack frames]]>
    </failure>
  </testcase> <!-- productSearch -->
  <testcase classname="com.flipkart.testcases.ElectronicTest" name="pendriveTest" time="1.4"/>
  <testcase classname="com.flipkart.testcases.ElectronicTest" name="powerbankTest" time="1.438"/>
  <testcase classname="com.flipkart.testcases.ApplianceTest" name="actest" time="1.247"/>
  <testcase classname="com.flipkart.testcases.MenClothingTest" name="sweatshirtTest" time="5.304"/>
  <testcase classname="com.flipkart.testcases.WomenClothingTest" name="heelsTest" time="3.888"/>
  <testcase classname="com.flipkart.testcases.KidsToyTest" name="toytest" time="3.922"/>
  <testcase classname="com.flipkart.testcases.furnitureTest" name="sofatest" time="1.485"/>
  <testcase classname="com.flipkart.testcases.BooksTest" name="literaturebooktest" time="1.523"/>
  <testcase classname="com.flipkart.testcases.SportsTest" name="crickettest" time="1.891"/>
  <testcase classname="com.flipkart.testcases.custCareTest" name="customerCareTest" time="1.307"/>
  <testcase classname="com.flipkart.testcases.custCareTest" name="custcare_order" time="0.896"/>
  <testcase classname="com.flipkart.testcases.custCareTest" name="custcare_return" time="0.762"/>
  <testcase classname="com.flipkart.testcases.custCareTest" name="custcare_shopping" time="0.818"/>
  <testcase classname="com.flipkart.testcases.CoinBalanceTest" name="checkSuperCoinBalance" time="2.593"/>
  <testcase classname="com.flipkart.testcases.giftCardTest" name="GiftCardTest" time="3.306"/>
  <testcase classname="com.flipkart.testcases.giftCardTest" name="buyFlipkartGiftCardTest" time="2.632">
    <failure type="java.lang.AssertionError" message="expected [true] but found [true]">
      <![CDATA[java.lang.AssertionError: expected [true] but found [true]
at com.flipkart.testcases.giftCardTest.buyFlipkartGiftCardTest(giftCardTest.java:54)
at java.base/java.util.ArrayList.forEach(ArrayList.java:1540)
... Removed 32 stack frames]]>
    </failure>
  </testcase> <!-- buyFlipkartGiftCardTest -->
  <testcase classname="com.flipkart.testcases.becomeSellerTest" name="verifyLocalShippingFees" time="9.094"/>
  <testcase classname="com.flipkart.testcases.becomeSellerTest" name="verifyZonalShippingFees" time="0.168"/>
  <testcase classname="com.flipkart.testcases.becomeSellerTest" name="verifyNationalShippingFees" time="1.423"/>
  <testcase classname="com.flipkart.testcases.downloadAppTest" name="downloadApptest" time="4.807"/>
  <testcase classname="com.flipkart.pages.basePage" name="@BeforeTest navigateToUrl" time="0.0">
    <ignored/>
  </testcase> <!-- @BeforeTest navigateToUrl -->
  <testcase classname="com.flipkart.pages.basePage" name="@BeforeTest navigateToUrl" time="0.0">
    <ignored/>
  </testcase> <!-- @BeforeTest navigateToUrl -->
  <testcase classname="com.flipkart.pages.basePage" name="@BeforeSuite setup" time="0.0">
    <ignored/>
  </testcase> <!-- @BeforeSuite setup -->
  <testcase classname="com.flipkart.pages.basePage" name="@AfterSuite tearDown" time="0.0">
    <ignored/>
  </testcase> <!-- @AfterSuite tearDown -->
  <testcase classname="com.flipkart.pages.basePage" name="@AfterSuite tearDown" time="0.0">
    <ignored/>
  </testcase> <!-- @AfterSuite tearDown -->
  <testcase classname="com.flipkart.pages.basePage" name="@AfterSuite tearDown" time="0.0">
    <ignored/>
  </testcase> <!-- @AfterSuite tearDown -->
  <testcase classname="com.flipkart.pages.basePage" name="@BeforeTest navigateToUrl" time="0.0">
    <ignored/>
  </testcase> <!-- @BeforeTest navigateToUrl -->
  <testcase classname="com.flipkart.pages.basePage" name="@BeforeSuite setup" time="0.0">
    <ignored/>
  </testcase> <!-- @BeforeSuite setup -->
  <testcase classname="com.flipkart.pages.basePage" name="@AfterSuite tearDown" time="0.0">
    <ignored/>
  </testcase> <!-- @AfterSuite tearDown -->
  <testcase classname="com.flipkart.pages.basePage" name="@BeforeSuite setup" time="0.0">
    <ignored/>
  </testcase> <!-- @BeforeSuite setup -->
  <testcase classname="com.flipkart.pages.basePage" name="@AfterSuite tearDown" time="0.0">
    <ignored/>
  </testcase> <!-- @AfterSuite tearDown -->
  <testcase classname="com.flipkart.pages.basePage" name="@BeforeSuite setup" time="0.0">
    <ignored/>
  </testcase> <!-- @BeforeSuite setup -->
  <testcase classname="com.flipkart.pages.basePage" name="@BeforeTest navigateToUrl" time="0.0">
    <ignored/>
  </testcase> <!-- @BeforeTest navigateToUrl -->
  <testcase classname="com.flipkart.pages.basePage" name="@BeforeSuite setup" time="0.0">
    <ignored/>
  </testcase> <!-- @BeforeSuite setup -->
  <testcase classname="com.flipkart.pages.basePage" name="@BeforeTest navigateToUrl" time="0.0">
    <ignored/>
  </testcase> <!-- @BeforeTest navigateToUrl -->
  <testcase classname="com.flipkart.pages.basePage" name="@BeforeSuite setup" time="0.0">
    <ignored/>
  </testcase> <!-- @BeforeSuite setup -->
  <testcase classname="com.flipkart.pages.basePage" name="@BeforeSuite setup" time="0.0">
    <ignored/>
  </testcase> <!-- @BeforeSuite setup -->
  <testcase classname="com.flipkart.pages.basePage" name="@BeforeTest navigateToUrl" time="0.0">
    <ignored/>
  </testcase> <!-- @BeforeTest navigateToUrl -->
  <testcase classname="com.flipkart.pages.basePage" name="@BeforeTest navigateToUrl" time="0.0">
    <ignored/>
  </testcase> <!-- @BeforeTest navigateToUrl -->
  <testcase classname="com.flipkart.pages.basePage" name="@AfterSuite tearDown" time="0.0">
    <ignored/>
  </testcase> <!-- @AfterSuite tearDown -->
  <testcase classname="com.flipkart.pages.basePage" name="@BeforeTest navigateToUrl" time="0.0">
    <ignored/>
  </testcase> <!-- @BeforeTest navigateToUrl -->
  <testcase classname="com.flipkart.pages.basePage" name="@BeforeTest navigateToUrl" time="0.0">
    <ignored/>
  </testcase> <!-- @BeforeTest navigateToUrl -->
  <testcase classname="com.flipkart.pages.basePage" name="@AfterSuite tearDown" time="0.0">
    <ignored/>
  </testcase> <!-- @AfterSuite tearDown -->
  <testcase classname="com.flipkart.pages.basePage" name="@BeforeSuite setup" time="0.0">
    <ignored/>
  </testcase> <!-- @BeforeSuite setup -->
  <testcase classname="com.flipkart.pages.basePage" name="@AfterSuite tearDown" time="0.0">
    <ignored/>
  </testcase> <!-- @AfterSuite tearDown -->
  <testcase classname="com.flipkart.pages.basePage" name="@AfterSuite tearDown" time="0.0">
    <ignored/>
  </testcase> <!-- @AfterSuite tearDown -->
  <testcase classname="com.flipkart.pages.basePage" name="@BeforeTest navigateToUrl" time="0.0">
    <ignored/>
  </testcase> <!-- @BeforeTest navigateToUrl -->
  <testcase classname="com.flipkart.pages.basePage" name="@BeforeSuite setup" time="0.0">
    <ignored/>
  </testcase> <!-- @BeforeSuite setup -->
  <testcase classname="com.flipkart.pages.basePage" name="@AfterSuite tearDown" time="0.0">
    <ignored/>
  </testcase> <!-- @AfterSuite tearDown -->
  <testcase classname="com.flipkart.pages.basePage" name="@BeforeSuite setup" time="0.0">
    <ignored/>
  </testcase> <!-- @BeforeSuite setup -->
  <testcase classname="com.flipkart.pages.basePage" name="@BeforeTest navigateToUrl" time="0.0">
    <ignored/>
  </testcase> <!-- @BeforeTest navigateToUrl -->
  <testcase classname="com.flipkart.pages.basePage" name="@BeforeTest navigateToUrl" time="0.0">
    <ignored/>
  </testcase> <!-- @BeforeTest navigateToUrl -->
  <testcase classname="com.flipkart.pages.basePage" name="@BeforeSuite setup" time="0.0">
    <ignored/>
  </testcase> <!-- @BeforeSuite setup -->
  <testcase classname="com.flipkart.pages.basePage" name="@AfterSuite tearDown" time="0.0">
    <ignored/>
  </testcase> <!-- @AfterSuite tearDown -->
  <testcase classname="com.flipkart.pages.basePage" name="@AfterSuite tearDown" time="0.0">
    <ignored/>
  </testcase> <!-- @AfterSuite tearDown -->
  <testcase classname="com.flipkart.pages.basePage" name="@BeforeSuite setup" time="0.0">
    <ignored/>
  </testcase> <!-- @BeforeSuite setup -->
  <testcase classname="com.flipkart.pages.basePage" name="@BeforeTest navigateToUrl" time="0.0">
    <ignored/>
  </testcase> <!-- @BeforeTest navigateToUrl -->
  <testcase classname="com.flipkart.pages.basePage" name="@BeforeSuite setup" time="0.0">
    <ignored/>
  </testcase> <!-- @BeforeSuite setup -->
  <testcase classname="com.flipkart.pages.basePage" name="@AfterSuite tearDown" time="0.0">
    <ignored/>
  </testcase> <!-- @AfterSuite tearDown -->
  <testcase classname="com.flipkart.pages.basePage" name="@AfterSuite tearDown" time="0.0">
    <ignored/>
  </testcase> <!-- @AfterSuite tearDown -->
  <testcase classname="com.flipkart.pages.basePage" name="@BeforeSuite setup" time="0.0">
    <ignored/>
  </testcase> <!-- @BeforeSuite setup -->
  <testcase classname="com.flipkart.pages.basePage" name="@BeforeTest navigateToUrl" time="0.0">
    <ignored/>
  </testcase> <!-- @BeforeTest navigateToUrl -->
</testsuite> <!-- Test -->
